[0.167s] DEBUG:colcon:Command line arguments: ['/usr/bin/colcon', 'build', '--packages-select', 'mars_rover_tasks']
[0.167s] DEBUG:colcon:Parsed command line arguments: Namespace(log_base=None, log_level=None, verb_name='build', build_base='build', install_base='install', merge_install=False, symlink_install=False, test_result_base=None, continue_on_error=False, executor='parallel', parallel_workers=8, event_handlers=None, ignore_user_meta=False, metas=['./colcon.meta'], base_paths=['.'], packages_ignore=None, packages_ignore_regex=None, paths=None, packages_up_to=None, packages_up_to_regex=None, packages_above=None, packages_above_and_dependencies=None, packages_above_depth=None, packages_select_by_dep=None, packages_skip_by_dep=None, packages_skip_up_to=None, packages_select_build_failed=False, packages_skip_build_finished=False, packages_select_test_failures=False, packages_skip_test_passed=False, packages_select=['mars_rover_tasks'], packages_skip=None, packages_select_regex=None, packages_skip_regex=None, packages_start=None, packages_end=None, lookup_in_workspace=False, cargo_args=None, clean_build=False, cmake_args=None, cmake_target=None, cmake_target_skip_unavailable=False, cmake_clean_cache=False, cmake_clean_first=False, cmake_force_configure=False, ament_cmake_args=None, catkin_cmake_args=None, catkin_skip_building_tests=False, mixin_files=None, mixin=None, verb_parser=<colcon_mixin.mixin.mixin_argument.MixinArgumentDecorator object at 0x7feadf8200d0>, verb_extension=<colcon_core.verb.build.BuildVerb object at 0x7feadf7f35b0>, main=<bound method BuildVerb.main of <colcon_core.verb.build.BuildVerb object at 0x7feadf7f35b0>>, mixin_verb=('build',))
[0.433s] Level 1:colcon.colcon_core.package_discovery:discover_packages(colcon_meta) check parameters
[0.433s] Level 1:colcon.colcon_core.package_discovery:discover_packages(recursive) check parameters
[0.433s] Level 1:colcon.colcon_core.package_discovery:discover_packages(ignore) check parameters
[0.433s] Level 1:colcon.colcon_core.package_discovery:discover_packages(path) check parameters
[0.434s] Level 1:colcon.colcon_core.package_discovery:discover_packages(colcon_meta) discover
[0.434s] Level 1:colcon.colcon_core.package_discovery:discover_packages(recursive) discover
[0.434s] INFO:colcon.colcon_core.package_discovery:Crawling recursively for packages in '/home/user/ros2_ws'
[0.434s] Level 1:colcon.colcon_core.package_identification:_identify(.) by extensions ['ignore', 'ignore_ament_install']
[0.434s] Level 1:colcon.colcon_core.package_identification:_identify(.) by extension 'ignore'
[0.434s] Level 1:colcon.colcon_core.package_identification:_identify(.) by extension 'ignore_ament_install'
[0.434s] Level 1:colcon.colcon_core.package_identification:_identify(.) by extensions ['colcon_pkg']
[0.434s] Level 1:colcon.colcon_core.package_identification:_identify(.) by extension 'colcon_pkg'
[0.434s] Level 1:colcon.colcon_core.package_identification:_identify(.) by extensions ['colcon_meta']
[0.434s] Level 1:colcon.colcon_core.package_identification:_identify(.) by extension 'colcon_meta'
[0.434s] Level 1:colcon.colcon_core.package_identification:_identify(.) by extensions ['ament_cargo']
[0.434s] Level 1:colcon.colcon_core.package_identification:_identify(.) by extension 'ament_cargo'
[0.434s] Level 1:colcon.colcon_core.package_identification:_identify(.) by extensions ['ros']
[0.434s] Level 1:colcon.colcon_core.package_identification:_identify(.) by extension 'ros'
[0.448s] Level 1:colcon.colcon_core.package_identification:_identify(.) by extensions ['cargo', 'cmake', 'python']
[0.448s] Level 1:colcon.colcon_core.package_identification:_identify(.) by extension 'cargo'
[0.448s] Level 1:colcon.colcon_core.package_identification:_identify(.) by extension 'cmake'
[0.448s] Level 1:colcon.colcon_core.package_identification:_identify(.) by extension 'python'
[0.448s] Level 1:colcon.colcon_core.package_identification:_identify(.) by extensions ['python_setup_py']
[0.448s] Level 1:colcon.colcon_core.package_identification:_identify(.) by extension 'python_setup_py'
[0.448s] Level 1:colcon.colcon_core.package_identification:_identify(build) by extensions ['ignore', 'ignore_ament_install']
[0.449s] Level 1:colcon.colcon_core.package_identification:_identify(build) by extension 'ignore'
[0.449s] Level 1:colcon.colcon_core.package_identification:_identify(build) ignored
[0.449s] Level 1:colcon.colcon_core.package_identification:_identify(install) by extensions ['ignore', 'ignore_ament_install']
[0.449s] Level 1:colcon.colcon_core.package_identification:_identify(install) by extension 'ignore'
[0.449s] Level 1:colcon.colcon_core.package_identification:_identify(install) ignored
[0.449s] Level 1:colcon.colcon_core.package_identification:_identify(log) by extensions ['ignore', 'ignore_ament_install']
[0.449s] Level 1:colcon.colcon_core.package_identification:_identify(log) by extension 'ignore'
[0.449s] Level 1:colcon.colcon_core.package_identification:_identify(log) ignored
[0.449s] Level 1:colcon.colcon_core.package_identification:_identify(src) by extensions ['ignore', 'ignore_ament_install']
[0.449s] Level 1:colcon.colcon_core.package_identification:_identify(src) by extension 'ignore'
[0.449s] Level 1:colcon.colcon_core.package_identification:_identify(src) by extension 'ignore_ament_install'
[0.449s] Level 1:colcon.colcon_core.package_identification:_identify(src) by extensions ['colcon_pkg']
[0.449s] Level 1:colcon.colcon_core.package_identification:_identify(src) by extension 'colcon_pkg'
[0.450s] Level 1:colcon.colcon_core.package_identification:_identify(src) by extensions ['colcon_meta']
[0.450s] Level 1:colcon.colcon_core.package_identification:_identify(src) by extension 'colcon_meta'
[0.450s] Level 1:colcon.colcon_core.package_identification:_identify(src) by extensions ['ament_cargo']
[0.450s] Level 1:colcon.colcon_core.package_identification:_identify(src) by extension 'ament_cargo'
[0.450s] Level 1:colcon.colcon_core.package_identification:_identify(src) by extensions ['ros']
[0.450s] Level 1:colcon.colcon_core.package_identification:_identify(src) by extension 'ros'
[0.450s] Level 1:colcon.colcon_core.package_identification:_identify(src) by extensions ['cargo', 'cmake', 'python']
[0.450s] Level 1:colcon.colcon_core.package_identification:_identify(src) by extension 'cargo'
[0.450s] Level 1:colcon.colcon_core.package_identification:_identify(src) by extension 'cmake'
[0.450s] Level 1:colcon.colcon_core.package_identification:_identify(src) by extension 'python'
[0.450s] Level 1:colcon.colcon_core.package_identification:_identify(src) by extensions ['python_setup_py']
[0.450s] Level 1:colcon.colcon_core.package_identification:_identify(src) by extension 'python_setup_py'
[0.450s] Level 1:colcon.colcon_core.package_identification:_identify(src/basic_ros2_extra_files) by extensions ['ignore', 'ignore_ament_install']
[0.450s] Level 1:colcon.colcon_core.package_identification:_identify(src/basic_ros2_extra_files) by extension 'ignore'
[0.450s] Level 1:colcon.colcon_core.package_identification:_identify(src/basic_ros2_extra_files) by extension 'ignore_ament_install'
[0.450s] Level 1:colcon.colcon_core.package_identification:_identify(src/basic_ros2_extra_files) by extensions ['colcon_pkg']
[0.450s] Level 1:colcon.colcon_core.package_identification:_identify(src/basic_ros2_extra_files) by extension 'colcon_pkg'
[0.450s] Level 1:colcon.colcon_core.package_identification:_identify(src/basic_ros2_extra_files) by extensions ['colcon_meta']
[0.450s] Level 1:colcon.colcon_core.package_identification:_identify(src/basic_ros2_extra_files) by extension 'colcon_meta'
[0.450s] Level 1:colcon.colcon_core.package_identification:_identify(src/basic_ros2_extra_files) by extensions ['ament_cargo']
[0.451s] Level 1:colcon.colcon_core.package_identification:_identify(src/basic_ros2_extra_files) by extension 'ament_cargo'
[0.451s] Level 1:colcon.colcon_core.package_identification:_identify(src/basic_ros2_extra_files) by extensions ['ros']
[0.451s] Level 1:colcon.colcon_core.package_identification:_identify(src/basic_ros2_extra_files) by extension 'ros'
[0.451s] Level 1:colcon.colcon_core.package_identification:_identify(src/basic_ros2_extra_files) by extensions ['cargo', 'cmake', 'python']
[0.451s] Level 1:colcon.colcon_core.package_identification:_identify(src/basic_ros2_extra_files) by extension 'cargo'
[0.451s] Level 1:colcon.colcon_core.package_identification:_identify(src/basic_ros2_extra_files) by extension 'cmake'
[0.451s] Level 1:colcon.colcon_core.package_identification:_identify(src/basic_ros2_extra_files) by extension 'python'
[0.451s] Level 1:colcon.colcon_core.package_identification:_identify(src/basic_ros2_extra_files) by extensions ['python_setup_py']
[0.451s] Level 1:colcon.colcon_core.package_identification:_identify(src/basic_ros2_extra_files) by extension 'python_setup_py'
[0.451s] Level 1:colcon.colcon_core.package_identification:_identify(src/basic_ros2_extra_files/plant_detector) by extensions ['ignore', 'ignore_ament_install']
[0.451s] Level 1:colcon.colcon_core.package_identification:_identify(src/basic_ros2_extra_files/plant_detector) by extension 'ignore'
[0.451s] Level 1:colcon.colcon_core.package_identification:_identify(src/basic_ros2_extra_files/plant_detector) by extension 'ignore_ament_install'
[0.451s] Level 1:colcon.colcon_core.package_identification:_identify(src/basic_ros2_extra_files/plant_detector) by extensions ['colcon_pkg']
[0.451s] Level 1:colcon.colcon_core.package_identification:_identify(src/basic_ros2_extra_files/plant_detector) by extension 'colcon_pkg'
[0.451s] Level 1:colcon.colcon_core.package_identification:_identify(src/basic_ros2_extra_files/plant_detector) by extensions ['colcon_meta']
[0.451s] Level 1:colcon.colcon_core.package_identification:_identify(src/basic_ros2_extra_files/plant_detector) by extension 'colcon_meta'
[0.451s] Level 1:colcon.colcon_core.package_identification:_identify(src/basic_ros2_extra_files/plant_detector) by extensions ['ament_cargo']
[0.451s] Level 1:colcon.colcon_core.package_identification:_identify(src/basic_ros2_extra_files/plant_detector) by extension 'ament_cargo'
[0.451s] Level 1:colcon.colcon_core.package_identification:_identify(src/basic_ros2_extra_files/plant_detector) by extensions ['ros']
[0.452s] Level 1:colcon.colcon_core.package_identification:_identify(src/basic_ros2_extra_files/plant_detector) by extension 'ros'
[0.452s] Level 1:colcon.colcon_core.package_identification:_identify(src/basic_ros2_extra_files/plant_detector) by extensions ['cargo', 'cmake', 'python']
[0.452s] Level 1:colcon.colcon_core.package_identification:_identify(src/basic_ros2_extra_files/plant_detector) by extension 'cargo'
[0.452s] Level 1:colcon.colcon_core.package_identification:_identify(src/basic_ros2_extra_files/plant_detector) by extension 'cmake'
[0.452s] Level 1:colcon.colcon_core.package_identification:_identify(src/basic_ros2_extra_files/plant_detector) by extension 'python'
[0.452s] Level 1:colcon.colcon_core.package_identification:_identify(src/basic_ros2_extra_files/plant_detector) by extensions ['python_setup_py']
[0.452s] Level 1:colcon.colcon_core.package_identification:_identify(src/basic_ros2_extra_files/plant_detector) by extension 'python_setup_py'
[0.452s] Level 1:colcon.colcon_core.package_identification:_identify(src/basic_ros2_extra_files/text_detector) by extensions ['ignore', 'ignore_ament_install']
[0.452s] Level 1:colcon.colcon_core.package_identification:_identify(src/basic_ros2_extra_files/text_detector) by extension 'ignore'
[0.452s] Level 1:colcon.colcon_core.package_identification:_identify(src/basic_ros2_extra_files/text_detector) by extension 'ignore_ament_install'
[0.452s] Level 1:colcon.colcon_core.package_identification:_identify(src/basic_ros2_extra_files/text_detector) by extensions ['colcon_pkg']
[0.452s] Level 1:colcon.colcon_core.package_identification:_identify(src/basic_ros2_extra_files/text_detector) by extension 'colcon_pkg'
[0.452s] Level 1:colcon.colcon_core.package_identification:_identify(src/basic_ros2_extra_files/text_detector) by extensions ['colcon_meta']
[0.452s] Level 1:colcon.colcon_core.package_identification:_identify(src/basic_ros2_extra_files/text_detector) by extension 'colcon_meta'
[0.453s] Level 1:colcon.colcon_core.package_identification:_identify(src/basic_ros2_extra_files/text_detector) by extensions ['ament_cargo']
[0.453s] Level 1:colcon.colcon_core.package_identification:_identify(src/basic_ros2_extra_files/text_detector) by extension 'ament_cargo'
[0.453s] Level 1:colcon.colcon_core.package_identification:_identify(src/basic_ros2_extra_files/text_detector) by extensions ['ros']
[0.453s] Level 1:colcon.colcon_core.package_identification:_identify(src/basic_ros2_extra_files/text_detector) by extension 'ros'
[0.453s] Level 1:colcon.colcon_core.package_identification:_identify(src/basic_ros2_extra_files/text_detector) by extensions ['cargo', 'cmake', 'python']
[0.453s] Level 1:colcon.colcon_core.package_identification:_identify(src/basic_ros2_extra_files/text_detector) by extension 'cargo'
[0.453s] Level 1:colcon.colcon_core.package_identification:_identify(src/basic_ros2_extra_files/text_detector) by extension 'cmake'
[0.453s] Level 1:colcon.colcon_core.package_identification:_identify(src/basic_ros2_extra_files/text_detector) by extension 'python'
[0.453s] Level 1:colcon.colcon_core.package_identification:_identify(src/basic_ros2_extra_files/text_detector) by extensions ['python_setup_py']
[0.453s] Level 1:colcon.colcon_core.package_identification:_identify(src/basic_ros2_extra_files/text_detector) by extension 'python_setup_py'
[0.453s] Level 1:colcon.colcon_core.package_identification:_identify(src/mars_rover_systems) by extensions ['ignore', 'ignore_ament_install']
[0.453s] Level 1:colcon.colcon_core.package_identification:_identify(src/mars_rover_systems) by extension 'ignore'
[0.453s] Level 1:colcon.colcon_core.package_identification:_identify(src/mars_rover_systems) by extension 'ignore_ament_install'
[0.454s] Level 1:colcon.colcon_core.package_identification:_identify(src/mars_rover_systems) by extensions ['colcon_pkg']
[0.454s] Level 1:colcon.colcon_core.package_identification:_identify(src/mars_rover_systems) by extension 'colcon_pkg'
[0.454s] Level 1:colcon.colcon_core.package_identification:_identify(src/mars_rover_systems) by extensions ['colcon_meta']
[0.454s] Level 1:colcon.colcon_core.package_identification:_identify(src/mars_rover_systems) by extension 'colcon_meta'
[0.454s] Level 1:colcon.colcon_core.package_identification:_identify(src/mars_rover_systems) by extensions ['ament_cargo']
[0.454s] Level 1:colcon.colcon_core.package_identification:_identify(src/mars_rover_systems) by extension 'ament_cargo'
[0.454s] Level 1:colcon.colcon_core.package_identification:_identify(src/mars_rover_systems) by extensions ['ros']
[0.454s] Level 1:colcon.colcon_core.package_identification:_identify(src/mars_rover_systems) by extension 'ros'
[0.463s] DEBUG:colcon.colcon_core.package_identification:Package 'src/mars_rover_systems' with type 'ros.ament_python' and name 'mars_rover_systems'
[0.463s] Level 1:colcon.colcon_core.package_identification:_identify(src/mars_rover_tasks) by extensions ['ignore', 'ignore_ament_install']
[0.463s] Level 1:colcon.colcon_core.package_identification:_identify(src/mars_rover_tasks) by extension 'ignore'
[0.463s] Level 1:colcon.colcon_core.package_identification:_identify(src/mars_rover_tasks) by extension 'ignore_ament_install'
[0.463s] Level 1:colcon.colcon_core.package_identification:_identify(src/mars_rover_tasks) by extensions ['colcon_pkg']
[0.463s] Level 1:colcon.colcon_core.package_identification:_identify(src/mars_rover_tasks) by extension 'colcon_pkg'
[0.463s] Level 1:colcon.colcon_core.package_identification:_identify(src/mars_rover_tasks) by extensions ['colcon_meta']
[0.463s] Level 1:colcon.colcon_core.package_identification:_identify(src/mars_rover_tasks) by extension 'colcon_meta'
[0.463s] Level 1:colcon.colcon_core.package_identification:_identify(src/mars_rover_tasks) by extensions ['ament_cargo']
[0.463s] Level 1:colcon.colcon_core.package_identification:_identify(src/mars_rover_tasks) by extension 'ament_cargo'
[0.463s] Level 1:colcon.colcon_core.package_identification:_identify(src/mars_rover_tasks) by extensions ['ros']
[0.463s] Level 1:colcon.colcon_core.package_identification:_identify(src/mars_rover_tasks) by extension 'ros'
[0.465s] DEBUG:colcon.colcon_core.package_identification:Package 'src/mars_rover_tasks' with type 'ros.ament_python' and name 'mars_rover_tasks'
[0.465s] Level 1:colcon.colcon_core.package_discovery:discover_packages(recursive) using defaults
[0.465s] Level 1:colcon.colcon_core.package_discovery:discover_packages(ignore) discover
[0.465s] Level 1:colcon.colcon_core.package_discovery:discover_packages(ignore) using defaults
[0.465s] Level 1:colcon.colcon_core.package_discovery:discover_packages(path) discover
[0.465s] Level 1:colcon.colcon_core.package_discovery:discover_packages(path) using defaults
[0.501s] INFO:colcon.colcon_core.package_selection:Skipping not selected package 'mars_rover_systems' in 'src/mars_rover_systems'
[0.501s] Level 5:colcon.colcon_core.verb:set package 'mars_rover_tasks' build argument 'lookup_in_workspace' from command line to 'False'
[0.501s] Level 5:colcon.colcon_core.verb:set package 'mars_rover_tasks' build argument 'cargo_args' from command line to 'None'
[0.502s] Level 5:colcon.colcon_core.verb:set package 'mars_rover_tasks' build argument 'clean_build' from command line to 'False'
[0.502s] Level 5:colcon.colcon_core.verb:set package 'mars_rover_tasks' build argument 'cmake_args' from command line to 'None'
[0.502s] Level 5:colcon.colcon_core.verb:set package 'mars_rover_tasks' build argument 'cmake_target' from command line to 'None'
[0.502s] Level 5:colcon.colcon_core.verb:set package 'mars_rover_tasks' build argument 'cmake_target_skip_unavailable' from command line to 'False'
[0.502s] Level 5:colcon.colcon_core.verb:set package 'mars_rover_tasks' build argument 'cmake_clean_cache' from command line to 'False'
[0.502s] Level 5:colcon.colcon_core.verb:set package 'mars_rover_tasks' build argument 'cmake_clean_first' from command line to 'False'
[0.502s] Level 5:colcon.colcon_core.verb:set package 'mars_rover_tasks' build argument 'cmake_force_configure' from command line to 'False'
[0.502s] Level 5:colcon.colcon_core.verb:set package 'mars_rover_tasks' build argument 'ament_cmake_args' from command line to 'None'
[0.502s] Level 5:colcon.colcon_core.verb:set package 'mars_rover_tasks' build argument 'catkin_cmake_args' from command line to 'None'
[0.502s] Level 5:colcon.colcon_core.verb:set package 'mars_rover_tasks' build argument 'catkin_skip_building_tests' from command line to 'False'
[0.502s] DEBUG:colcon.colcon_core.verb:Building package 'mars_rover_tasks' with the following arguments: {'ament_cmake_args': None, 'build_base': '/home/user/ros2_ws/build/mars_rover_tasks', 'cargo_args': None, 'catkin_cmake_args': None, 'catkin_skip_building_tests': False, 'clean_build': False, 'cmake_args': None, 'cmake_clean_cache': False, 'cmake_clean_first': False, 'cmake_force_configure': False, 'cmake_target': None, 'cmake_target_skip_unavailable': False, 'install_base': '/home/user/ros2_ws/install/mars_rover_tasks', 'lookup_in_workspace': False, 'merge_install': False, 'path': '/home/user/ros2_ws/src/mars_rover_tasks', 'symlink_install': False, 'test_result_base': None}
[0.502s] INFO:colcon.colcon_core.executor:Executing jobs using 'parallel' executor
[0.503s] DEBUG:colcon.colcon_parallel_executor.executor.parallel:run_until_complete
[0.503s] INFO:colcon.colcon_ros.task.ament_python.build:Building ROS package in '/home/user/ros2_ws/src/mars_rover_tasks' with build type 'ament_python'
[0.503s] Level 1:colcon.colcon_core.shell:create_environment_hook('mars_rover_tasks', 'ament_prefix_path')
[0.506s] INFO:colcon.colcon_core.plugin_system:Skipping extension 'colcon_core.shell.bat': Not used on non-Windows systems
[0.506s] INFO:colcon.colcon_core.shell:Creating environment hook '/home/user/ros2_ws/install/mars_rover_tasks/share/mars_rover_tasks/hook/ament_prefix_path.ps1'
[0.508s] INFO:colcon.colcon_core.shell:Creating environment descriptor '/home/user/ros2_ws/install/mars_rover_tasks/share/mars_rover_tasks/hook/ament_prefix_path.dsv'
[0.508s] INFO:colcon.colcon_core.shell:Creating environment hook '/home/user/ros2_ws/install/mars_rover_tasks/share/mars_rover_tasks/hook/ament_prefix_path.sh'
[0.510s] INFO:colcon.colcon_core.shell:Skip shell extension 'powershell' for command environment: Not usable outside of PowerShell
[0.510s] DEBUG:colcon.colcon_core.shell:Skip shell extension 'dsv' for command environment
[0.898s] INFO:colcon.colcon_core.task.python.build:Building Python package in '/home/user/ros2_ws/src/mars_rover_tasks'
[0.899s] INFO:colcon.colcon_core.shell:Skip shell extension 'powershell' for command environment: Not usable outside of PowerShell
[0.899s] DEBUG:colcon.colcon_core.shell:Skip shell extension 'dsv' for command environment
[1.412s] DEBUG:colcon.colcon_core.event_handler.log_command:Invoking command in '/home/user/ros2_ws/src/mars_rover_tasks': PYTHONPATH=/home/user/ros2_ws/build/mars_rover_tasks/prefix_override:/home/user/ros2_ws/install/mars_rover_tasks/lib/python3.10/site-packages:${PYTHONPATH} _=/usr/bin/env /usr/bin/python3 -W ignore:setup.py install is deprecated setup.py egg_info --egg-base ../../build/mars_rover_tasks build --build-base /home/user/ros2_ws/build/mars_rover_tasks/build install --record /home/user/ros2_ws/build/mars_rover_tasks/install.log --single-version-externally-managed install_data
[1.853s] Level 1:colcon.colcon_core.environment:checking '/home/user/ros2_ws/install/mars_rover_tasks' for CMake module files
[1.854s] Level 1:colcon.colcon_core.environment:checking '/home/user/ros2_ws/install/mars_rover_tasks' for CMake config files
[1.854s] Level 1:colcon.colcon_core.environment:checking '/home/user/ros2_ws/install/mars_rover_tasks/lib'
[1.855s] Level 1:colcon.colcon_core.environment:checking '/home/user/ros2_ws/install/mars_rover_tasks/bin'
[1.855s] Level 1:colcon.colcon_core.environment:checking '/home/user/ros2_ws/install/mars_rover_tasks/lib/pkgconfig/mars_rover_tasks.pc'
[1.855s] Level 1:colcon.colcon_core.environment:checking '/home/user/ros2_ws/install/mars_rover_tasks/lib/python3.10/site-packages'
[1.855s] Level 1:colcon.colcon_core.shell:create_environment_hook('mars_rover_tasks', 'pythonpath')
[1.855s] INFO:colcon.colcon_core.shell:Creating environment hook '/home/user/ros2_ws/install/mars_rover_tasks/share/mars_rover_tasks/hook/pythonpath.ps1'
[1.856s] INFO:colcon.colcon_core.shell:Creating environment descriptor '/home/user/ros2_ws/install/mars_rover_tasks/share/mars_rover_tasks/hook/pythonpath.dsv'
[1.856s] INFO:colcon.colcon_core.shell:Creating environment hook '/home/user/ros2_ws/install/mars_rover_tasks/share/mars_rover_tasks/hook/pythonpath.sh'
[1.857s] Level 1:colcon.colcon_core.environment:checking '/home/user/ros2_ws/install/mars_rover_tasks/bin'
[1.857s] Level 1:colcon.colcon_core.environment:create_environment_scripts_only(mars_rover_tasks)
[1.858s] INFO:colcon.colcon_core.shell:Creating package script '/home/user/ros2_ws/install/mars_rover_tasks/share/mars_rover_tasks/package.ps1'
[1.859s] INFO:colcon.colcon_core.shell:Creating package descriptor '/home/user/ros2_ws/install/mars_rover_tasks/share/mars_rover_tasks/package.dsv'
[1.859s] DEBUG:colcon.colcon_core.event_handler.log_command:Invoked command in '/home/user/ros2_ws/src/mars_rover_tasks' returned '0': PYTHONPATH=/home/user/ros2_ws/build/mars_rover_tasks/prefix_override:/home/user/ros2_ws/install/mars_rover_tasks/lib/python3.10/site-packages:${PYTHONPATH} _=/usr/bin/env /usr/bin/python3 -W ignore:setup.py install is deprecated setup.py egg_info --egg-base ../../build/mars_rover_tasks build --build-base /home/user/ros2_ws/build/mars_rover_tasks/build install --record /home/user/ros2_ws/build/mars_rover_tasks/install.log --single-version-externally-managed install_data
[1.860s] INFO:colcon.colcon_core.shell:Creating package script '/home/user/ros2_ws/install/mars_rover_tasks/share/mars_rover_tasks/package.sh'
[1.861s] INFO:colcon.colcon_core.shell:Creating package script '/home/user/ros2_ws/install/mars_rover_tasks/share/mars_rover_tasks/package.bash'
[1.862s] INFO:colcon.colcon_core.shell:Creating package script '/home/user/ros2_ws/install/mars_rover_tasks/share/mars_rover_tasks/package.zsh'
[1.862s] Level 1:colcon.colcon_core.environment:create_file_with_runtime_dependencies(/home/user/ros2_ws/install/mars_rover_tasks/share/colcon-core/packages/mars_rover_tasks)
[1.862s] DEBUG:colcon.colcon_parallel_executor.executor.parallel:closing loop
[1.863s] DEBUG:colcon.colcon_parallel_executor.executor.parallel:loop closed
[1.863s] DEBUG:colcon.colcon_parallel_executor.executor.parallel:run_until_complete finished with '0'
[1.863s] DEBUG:colcon.colcon_core.event_reactor:joining thread
[1.869s] INFO:colcon.colcon_core.plugin_system:Skipping extension 'colcon_notification.desktop_notification.notify_send': Could not find 'notify-send'
[1.870s] INFO:colcon.colcon_core.plugin_system:Skipping extension 'colcon_notification.desktop_notification.terminal_notifier': Not used on non-Darwin systems
[1.870s] INFO:colcon.colcon_core.plugin_system:Skipping extension 'colcon_notification.desktop_notification.win32': Not used on non-Windows systems
[1.870s] INFO:colcon.colcon_notification.desktop_notification:Sending desktop notification using 'notify2'
[1.872s] DEBUG:colcon.colcon_notification.desktop_notification.notify2:Failed to initialize notify2: org.freedesktop.DBus.Error.Spawn.ExecFailed: /usr/bin/dbus-launch terminated abnormally without any error message
[1.872s] DEBUG:colcon.colcon_core.event_reactor:joined thread
[1.873s] INFO:colcon.colcon_core.shell:Creating prefix script '/home/user/ros2_ws/install/local_setup.ps1'
[1.874s] INFO:colcon.colcon_core.shell:Creating prefix util module '/home/user/ros2_ws/install/_local_setup_util_ps1.py'
[1.875s] INFO:colcon.colcon_core.shell:Creating prefix chain script '/home/user/ros2_ws/install/setup.ps1'
[1.877s] INFO:colcon.colcon_core.shell:Creating prefix script '/home/user/ros2_ws/install/local_setup.sh'
[1.878s] INFO:colcon.colcon_core.shell:Creating prefix util module '/home/user/ros2_ws/install/_local_setup_util_sh.py'
[1.878s] INFO:colcon.colcon_core.shell:Creating prefix chain script '/home/user/ros2_ws/install/setup.sh'
[1.880s] INFO:colcon.colcon_core.shell:Creating prefix script '/home/user/ros2_ws/install/local_setup.bash'
[1.881s] INFO:colcon.colcon_core.shell:Creating prefix chain script '/home/user/ros2_ws/install/setup.bash'
[1.882s] INFO:colcon.colcon_core.shell:Creating prefix script '/home/user/ros2_ws/install/local_setup.zsh'
[1.883s] INFO:colcon.colcon_core.shell:Creating prefix chain script '/home/user/ros2_ws/install/setup.zsh'
