/home/user/ros2_ws/install/mars_rover_systems/lib/python3.10/site-packages/mars_rover_systems/temperature_monitor.py
/home/user/ros2_ws/install/mars_rover_systems/lib/python3.10/site-packages/mars_rover_systems/__init__.py
/home/user/ros2_ws/install/mars_rover_systems/lib/python3.10/site-packages/mars_rover_systems/heartbeat.py
/home/user/ros2_ws/install/mars_rover_systems/lib/python3.10/site-packages/mars_rover_systems/__pycache__/temperature_monitor.cpython-310.pyc
/home/user/ros2_ws/install/mars_rover_systems/lib/python3.10/site-packages/mars_rover_systems/__pycache__/__init__.cpython-310.pyc
/home/user/ros2_ws/install/mars_rover_systems/lib/python3.10/site-packages/mars_rover_systems/__pycache__/heartbeat.cpython-310.pyc
/home/user/ros2_ws/install/mars_rover_systems/share/ament_index/resource_index/packages/mars_rover_systems
/home/user/ros2_ws/install/mars_rover_systems/share/mars_rover_systems/package.xml
/home/user/ros2_ws/install/mars_rover_systems/share/mars_rover_systems/start_mars_rover_systems.launch.py
/home/user/ros2_ws/install/mars_rover_systems/share/mars_rover_systems/two_rover_heartbeat.launch.py
/home/user/ros2_ws/install/mars_rover_systems/lib/python3.10/site-packages/mars_rover_systems-0.0.0-py3.10.egg-info/PKG-INFO
/home/user/ros2_ws/install/mars_rover_systems/lib/python3.10/site-packages/mars_rover_systems-0.0.0-py3.10.egg-info/zip-safe
/home/user/ros2_ws/install/mars_rover_systems/lib/python3.10/site-packages/mars_rover_systems-0.0.0-py3.10.egg-info/top_level.txt
/home/user/ros2_ws/install/mars_rover_systems/lib/python3.10/site-packages/mars_rover_systems-0.0.0-py3.10.egg-info/requires.txt
/home/user/ros2_ws/install/mars_rover_systems/lib/python3.10/site-packages/mars_rover_systems-0.0.0-py3.10.egg-info/entry_points.txt
/home/user/ros2_ws/install/mars_rover_systems/lib/python3.10/site-packages/mars_rover_systems-0.0.0-py3.10.egg-info/SOURCES.txt
/home/user/ros2_ws/install/mars_rover_systems/lib/python3.10/site-packages/mars_rover_systems-0.0.0-py3.10.egg-info/dependency_links.txt
/home/user/ros2_ws/install/mars_rover_systems/lib/mars_rover_systems/heartbeat_executable
/home/user/ros2_ws/install/mars_rover_systems/lib/mars_rover_systems/heartbeat_executable_2
/home/user/ros2_ws/install/mars_rover_systems/lib/mars_rover_systems/heartbeat_shutdown_executable
/home/user/ros2_ws/install/mars_rover_systems/lib/mars_rover_systems/temperaturemonitor_executable
