[2.026s] DEBUG:colcon:Command line arguments: ['/usr/bin/colcon', 'build', '--packages-select', 'mars_rover_tasks']
[2.026s] DEBUG:colcon:Parsed command line arguments: Namespace(log_base=None, log_level=None, verb_name='build', build_base='build', install_base='install', merge_install=False, symlink_install=False, test_result_base=None, continue_on_error=False, executor='parallel', parallel_workers=8, event_handlers=None, ignore_user_meta=False, metas=['./colcon.meta'], base_paths=['.'], packages_ignore=None, packages_ignore_regex=None, paths=None, packages_up_to=None, packages_up_to_regex=None, packages_above=None, packages_above_and_dependencies=None, packages_above_depth=None, packages_select_by_dep=None, packages_skip_by_dep=None, packages_skip_up_to=None, packages_select_build_failed=False, packages_skip_build_finished=False, packages_select_test_failures=False, packages_skip_test_passed=False, packages_select=['mars_rover_tasks'], packages_skip=None, packages_select_regex=None, packages_skip_regex=None, packages_start=None, packages_end=None, lookup_in_workspace=False, cargo_args=None, clean_build=False, cmake_args=None, cmake_target=None, cmake_target_skip_unavailable=False, cmake_clean_cache=False, cmake_clean_first=False, cmake_force_configure=False, ament_cmake_args=None, catkin_cmake_args=None, catkin_skip_building_tests=False, mixin_files=None, mixin=None, verb_parser=<colcon_mixin.mixin.mixin_argument.MixinArgumentDecorator object at 0x7ff4b3f58100>, verb_extension=<colcon_core.verb.build.BuildVerb object at 0x7ff4b3f2b5e0>, main=<bound method BuildVerb.main of <colcon_core.verb.build.BuildVerb object at 0x7ff4b3f2b5e0>>, mixin_verb=('build',))
[13.694s] Level 1:colcon.colcon_core.package_discovery:discover_packages(colcon_meta) check parameters
[13.694s] Level 1:colcon.colcon_core.package_discovery:discover_packages(recursive) check parameters
[13.695s] Level 1:colcon.colcon_core.package_discovery:discover_packages(ignore) check parameters
[13.695s] Level 1:colcon.colcon_core.package_discovery:discover_packages(path) check parameters
[13.695s] Level 1:colcon.colcon_core.package_discovery:discover_packages(colcon_meta) discover
[13.695s] Level 1:colcon.colcon_core.package_discovery:discover_packages(recursive) discover
[13.695s] INFO:colcon.colcon_core.package_discovery:Crawling recursively for packages in '/home/user/ros2_ws/src/mars_rover_tasks'
[13.696s] Level 1:colcon.colcon_core.package_identification:_identify(.) by extensions ['ignore', 'ignore_ament_install']
[13.696s] Level 1:colcon.colcon_core.package_identification:_identify(.) by extension 'ignore'
[13.696s] Level 1:colcon.colcon_core.package_identification:_identify(.) by extension 'ignore_ament_install'
[13.696s] Level 1:colcon.colcon_core.package_identification:_identify(.) by extensions ['colcon_pkg']
[13.696s] Level 1:colcon.colcon_core.package_identification:_identify(.) by extension 'colcon_pkg'
[13.696s] Level 1:colcon.colcon_core.package_identification:_identify(.) by extensions ['colcon_meta']
[13.696s] Level 1:colcon.colcon_core.package_identification:_identify(.) by extension 'colcon_meta'
[13.696s] Level 1:colcon.colcon_core.package_identification:_identify(.) by extensions ['ament_cargo']
[13.696s] Level 1:colcon.colcon_core.package_identification:_identify(.) by extension 'ament_cargo'
[13.696s] Level 1:colcon.colcon_core.package_identification:_identify(.) by extensions ['ros']
[13.696s] Level 1:colcon.colcon_core.package_identification:_identify(.) by extension 'ros'
[13.719s] DEBUG:colcon.colcon_core.package_identification:Package '.' with type 'ros.ament_python' and name 'mars_rover_tasks'
[13.719s] Level 1:colcon.colcon_core.package_discovery:discover_packages(recursive) using defaults
[13.720s] Level 1:colcon.colcon_core.package_discovery:discover_packages(ignore) discover
[13.720s] Level 1:colcon.colcon_core.package_discovery:discover_packages(ignore) using defaults
[13.720s] Level 1:colcon.colcon_core.package_discovery:discover_packages(path) discover
[13.720s] Level 1:colcon.colcon_core.package_discovery:discover_packages(path) using defaults
[13.889s] Level 5:colcon.colcon_core.verb:set package 'mars_rover_tasks' build argument 'lookup_in_workspace' from command line to 'False'
[13.889s] Level 5:colcon.colcon_core.verb:set package 'mars_rover_tasks' build argument 'cargo_args' from command line to 'None'
[13.889s] Level 5:colcon.colcon_core.verb:set package 'mars_rover_tasks' build argument 'clean_build' from command line to 'False'
[13.889s] Level 5:colcon.colcon_core.verb:set package 'mars_rover_tasks' build argument 'cmake_args' from command line to 'None'
[13.889s] Level 5:colcon.colcon_core.verb:set package 'mars_rover_tasks' build argument 'cmake_target' from command line to 'None'
[13.889s] Level 5:colcon.colcon_core.verb:set package 'mars_rover_tasks' build argument 'cmake_target_skip_unavailable' from command line to 'False'
[13.889s] Level 5:colcon.colcon_core.verb:set package 'mars_rover_tasks' build argument 'cmake_clean_cache' from command line to 'False'
[13.889s] Level 5:colcon.colcon_core.verb:set package 'mars_rover_tasks' build argument 'cmake_clean_first' from command line to 'False'
[13.889s] Level 5:colcon.colcon_core.verb:set package 'mars_rover_tasks' build argument 'cmake_force_configure' from command line to 'False'
[13.889s] Level 5:colcon.colcon_core.verb:set package 'mars_rover_tasks' build argument 'ament_cmake_args' from command line to 'None'
[13.889s] Level 5:colcon.colcon_core.verb:set package 'mars_rover_tasks' build argument 'catkin_cmake_args' from command line to 'None'
[13.889s] Level 5:colcon.colcon_core.verb:set package 'mars_rover_tasks' build argument 'catkin_skip_building_tests' from command line to 'False'
[13.889s] DEBUG:colcon.colcon_core.verb:Building package 'mars_rover_tasks' with the following arguments: {'ament_cmake_args': None, 'build_base': '/home/user/ros2_ws/src/mars_rover_tasks/build/mars_rover_tasks', 'cargo_args': None, 'catkin_cmake_args': None, 'catkin_skip_building_tests': False, 'clean_build': False, 'cmake_args': None, 'cmake_clean_cache': False, 'cmake_clean_first': False, 'cmake_force_configure': False, 'cmake_target': None, 'cmake_target_skip_unavailable': False, 'install_base': '/home/user/ros2_ws/src/mars_rover_tasks/install/mars_rover_tasks', 'lookup_in_workspace': False, 'merge_install': False, 'path': '/home/user/ros2_ws/src/mars_rover_tasks', 'symlink_install': False, 'test_result_base': None}
[13.890s] INFO:colcon.colcon_core.executor:Executing jobs using 'parallel' executor
[13.891s] DEBUG:colcon.colcon_parallel_executor.executor.parallel:run_until_complete
[13.891s] INFO:colcon.colcon_ros.task.ament_python.build:Building ROS package in '/home/user/ros2_ws/src/mars_rover_tasks' with build type 'ament_python'
[13.891s] Level 1:colcon.colcon_core.shell:create_environment_hook('mars_rover_tasks', 'ament_prefix_path')
[14.030s] INFO:colcon.colcon_core.plugin_system:Skipping extension 'colcon_core.shell.bat': Not used on non-Windows systems
[14.031s] INFO:colcon.colcon_core.shell:Creating environment hook '/home/user/ros2_ws/src/mars_rover_tasks/install/mars_rover_tasks/share/mars_rover_tasks/hook/ament_prefix_path.ps1'
[14.033s] INFO:colcon.colcon_core.shell:Creating environment descriptor '/home/user/ros2_ws/src/mars_rover_tasks/install/mars_rover_tasks/share/mars_rover_tasks/hook/ament_prefix_path.dsv'
[14.034s] INFO:colcon.colcon_core.shell:Creating environment hook '/home/user/ros2_ws/src/mars_rover_tasks/install/mars_rover_tasks/share/mars_rover_tasks/hook/ament_prefix_path.sh'
[14.036s] INFO:colcon.colcon_core.shell:Skip shell extension 'powershell' for command environment: Not usable outside of PowerShell
[14.036s] DEBUG:colcon.colcon_core.shell:Skip shell extension 'dsv' for command environment
[14.389s] INFO:colcon.colcon_core.task.python.build:Building Python package in '/home/user/ros2_ws/src/mars_rover_tasks'
[14.390s] INFO:colcon.colcon_core.shell:Skip shell extension 'powershell' for command environment: Not usable outside of PowerShell
[14.390s] DEBUG:colcon.colcon_core.shell:Skip shell extension 'dsv' for command environment
[17.804s] DEBUG:colcon.colcon_core.event_handler.log_command:Invoking command in '/home/user/ros2_ws/src/mars_rover_tasks': PYTHONPATH=/home/user/ros2_ws/src/mars_rover_tasks/build/mars_rover_tasks/prefix_override:/home/user/ros2_ws/src/mars_rover_tasks/install/mars_rover_tasks/lib/python3.10/site-packages:${PYTHONPATH} _=/usr/bin/env /usr/bin/python3 -W ignore:setup.py install is deprecated setup.py egg_info --egg-base build/mars_rover_tasks build --build-base /home/user/ros2_ws/src/mars_rover_tasks/build/mars_rover_tasks/build install --record /home/user/ros2_ws/src/mars_rover_tasks/build/mars_rover_tasks/install.log --single-version-externally-managed install_data
[18.231s] DEBUG:colcon.colcon_core.event_handler.log_command:Invoked command in '/home/user/ros2_ws/src/mars_rover_tasks' returned '0': PYTHONPATH=/home/user/ros2_ws/src/mars_rover_tasks/build/mars_rover_tasks/prefix_override:/home/user/ros2_ws/src/mars_rover_tasks/install/mars_rover_tasks/lib/python3.10/site-packages:${PYTHONPATH} _=/usr/bin/env /usr/bin/python3 -W ignore:setup.py install is deprecated setup.py egg_info --egg-base build/mars_rover_tasks build --build-base /home/user/ros2_ws/src/mars_rover_tasks/build/mars_rover_tasks/build install --record /home/user/ros2_ws/src/mars_rover_tasks/build/mars_rover_tasks/install.log --single-version-externally-managed install_data
[18.243s] Level 1:colcon.colcon_core.environment:checking '/home/user/ros2_ws/src/mars_rover_tasks/install/mars_rover_tasks' for CMake module files
[18.243s] Level 1:colcon.colcon_core.environment:checking '/home/user/ros2_ws/src/mars_rover_tasks/install/mars_rover_tasks' for CMake config files
[18.244s] Level 1:colcon.colcon_core.environment:checking '/home/user/ros2_ws/src/mars_rover_tasks/install/mars_rover_tasks/lib'
[18.244s] Level 1:colcon.colcon_core.environment:checking '/home/user/ros2_ws/src/mars_rover_tasks/install/mars_rover_tasks/bin'
[18.244s] Level 1:colcon.colcon_core.environment:checking '/home/user/ros2_ws/src/mars_rover_tasks/install/mars_rover_tasks/lib/pkgconfig/mars_rover_tasks.pc'
[18.245s] Level 1:colcon.colcon_core.environment:checking '/home/user/ros2_ws/src/mars_rover_tasks/install/mars_rover_tasks/lib/python3.10/site-packages'
[18.245s] Level 1:colcon.colcon_core.shell:create_environment_hook('mars_rover_tasks', 'pythonpath')
[18.245s] INFO:colcon.colcon_core.shell:Creating environment hook '/home/user/ros2_ws/src/mars_rover_tasks/install/mars_rover_tasks/share/mars_rover_tasks/hook/pythonpath.ps1'
[18.246s] INFO:colcon.colcon_core.shell:Creating environment descriptor '/home/user/ros2_ws/src/mars_rover_tasks/install/mars_rover_tasks/share/mars_rover_tasks/hook/pythonpath.dsv'
[18.246s] INFO:colcon.colcon_core.shell:Creating environment hook '/home/user/ros2_ws/src/mars_rover_tasks/install/mars_rover_tasks/share/mars_rover_tasks/hook/pythonpath.sh'
[18.246s] Level 1:colcon.colcon_core.environment:checking '/home/user/ros2_ws/src/mars_rover_tasks/install/mars_rover_tasks/bin'
[18.246s] Level 1:colcon.colcon_core.environment:create_environment_scripts_only(mars_rover_tasks)
[18.247s] INFO:colcon.colcon_core.shell:Creating package script '/home/user/ros2_ws/src/mars_rover_tasks/install/mars_rover_tasks/share/mars_rover_tasks/package.ps1'
[18.248s] INFO:colcon.colcon_core.shell:Creating package descriptor '/home/user/ros2_ws/src/mars_rover_tasks/install/mars_rover_tasks/share/mars_rover_tasks/package.dsv'
[18.249s] INFO:colcon.colcon_core.shell:Creating package script '/home/user/ros2_ws/src/mars_rover_tasks/install/mars_rover_tasks/share/mars_rover_tasks/package.sh'
[18.250s] INFO:colcon.colcon_core.shell:Creating package script '/home/user/ros2_ws/src/mars_rover_tasks/install/mars_rover_tasks/share/mars_rover_tasks/package.bash'
[18.252s] INFO:colcon.colcon_core.shell:Creating package script '/home/user/ros2_ws/src/mars_rover_tasks/install/mars_rover_tasks/share/mars_rover_tasks/package.zsh'
[18.253s] Level 1:colcon.colcon_core.environment:create_file_with_runtime_dependencies(/home/user/ros2_ws/src/mars_rover_tasks/install/mars_rover_tasks/share/colcon-core/packages/mars_rover_tasks)
[18.254s] DEBUG:colcon.colcon_parallel_executor.executor.parallel:closing loop
[18.254s] DEBUG:colcon.colcon_parallel_executor.executor.parallel:loop closed
[18.255s] DEBUG:colcon.colcon_parallel_executor.executor.parallel:run_until_complete finished with '0'
[18.255s] DEBUG:colcon.colcon_core.event_reactor:joining thread
[18.546s] INFO:colcon.colcon_core.plugin_system:Skipping extension 'colcon_notification.desktop_notification.notify_send': Could not find 'notify-send'
[18.546s] INFO:colcon.colcon_core.plugin_system:Skipping extension 'colcon_notification.desktop_notification.terminal_notifier': Not used on non-Darwin systems
[18.546s] INFO:colcon.colcon_core.plugin_system:Skipping extension 'colcon_notification.desktop_notification.win32': Not used on non-Windows systems
[18.546s] INFO:colcon.colcon_notification.desktop_notification:Sending desktop notification using 'notify2'
[18.549s] DEBUG:colcon.colcon_notification.desktop_notification.notify2:Failed to initialize notify2: org.freedesktop.DBus.Error.Spawn.ExecFailed: /usr/bin/dbus-launch terminated abnormally without any error message
[18.550s] DEBUG:colcon.colcon_core.event_reactor:joined thread
[18.550s] INFO:colcon.colcon_core.shell:Creating prefix script '/home/user/ros2_ws/src/mars_rover_tasks/install/local_setup.ps1'
[18.552s] INFO:colcon.colcon_core.shell:Creating prefix util module '/home/user/ros2_ws/src/mars_rover_tasks/install/_local_setup_util_ps1.py'
[18.555s] INFO:colcon.colcon_core.shell:Creating prefix chain script '/home/user/ros2_ws/src/mars_rover_tasks/install/setup.ps1'
[18.557s] INFO:colcon.colcon_core.shell:Creating prefix script '/home/user/ros2_ws/src/mars_rover_tasks/install/local_setup.sh'
[18.558s] INFO:colcon.colcon_core.shell:Creating prefix util module '/home/user/ros2_ws/src/mars_rover_tasks/install/_local_setup_util_sh.py'
[18.558s] INFO:colcon.colcon_core.shell:Creating prefix chain script '/home/user/ros2_ws/src/mars_rover_tasks/install/setup.sh'
[18.560s] INFO:colcon.colcon_core.shell:Creating prefix script '/home/user/ros2_ws/src/mars_rover_tasks/install/local_setup.bash'
[18.561s] INFO:colcon.colcon_core.shell:Creating prefix chain script '/home/user/ros2_ws/src/mars_rover_tasks/install/setup.bash'
[18.562s] INFO:colcon.colcon_core.shell:Creating prefix script '/home/user/ros2_ws/src/mars_rover_tasks/install/local_setup.zsh'
[18.669s] INFO:colcon.colcon_core.shell:Creating prefix chain script '/home/user/ros2_ws/src/mars_rover_tasks/install/setup.zsh'
