[1.000s] Invoking command in '/home/user/ros2_ws/src/mars_rover_systems': PYTHONPATH=/home/user/ros2_ws/build/mars_rover_systems/prefix_override:/home/user/ros2_ws/install/mars_rover_systems/lib/python3.10/site-packages:${PYTHONPATH} _=/usr/bin/env /usr/bin/python3 -W ignore:setup.py install is deprecated setup.py egg_info --egg-base ../../build/mars_rover_systems build --build-base /home/user/ros2_ws/build/mars_rover_systems/build install --record /home/user/ros2_ws/build/mars_rover_systems/install.log --single-version-externally-managed install_data
[1.336s] running egg_info
[1.338s] writing ../../build/mars_rover_systems/mars_rover_systems.egg-info/PKG-INFO
[1.338s] writing dependency_links to ../../build/mars_rover_systems/mars_rover_systems.egg-info/dependency_links.txt
[1.338s] writing entry points to ../../build/mars_rover_systems/mars_rover_systems.egg-info/entry_points.txt
[1.339s] writing requirements to ../../build/mars_rover_systems/mars_rover_systems.egg-info/requires.txt
[1.339s] writing top-level names to ../../build/mars_rover_systems/mars_rover_systems.egg-info/top_level.txt
[1.341s] reading manifest file '../../build/mars_rover_systems/mars_rover_systems.egg-info/SOURCES.txt'
[1.341s] writing manifest file '../../build/mars_rover_systems/mars_rover_systems.egg-info/SOURCES.txt'
[1.342s] running build
[1.342s] running build_py
[1.342s] copying mars_rover_systems/temperature_monitor.py -> /home/user/ros2_ws/build/mars_rover_systems/build/lib/mars_rover_systems
[1.343s] running install
[1.343s] running install_lib
[1.344s] copying /home/user/ros2_ws/build/mars_rover_systems/build/lib/mars_rover_systems/temperature_monitor.py -> /home/user/ros2_ws/install/mars_rover_systems/lib/python3.10/site-packages/mars_rover_systems
[1.344s] byte-compiling /home/user/ros2_ws/install/mars_rover_systems/lib/python3.10/site-packages/mars_rover_systems/temperature_monitor.py to temperature_monitor.cpython-310.pyc
[1.345s] running install_data
[1.345s] copying launch/start_mars_rover_systems.launch.py -> /home/user/ros2_ws/install/mars_rover_systems/share/mars_rover_systems
[1.346s] copying launch/two_rover_heartbeat.launch.py -> /home/user/ros2_ws/install/mars_rover_systems/share/mars_rover_systems
[1.346s] running install_egg_info
[1.347s] removing '/home/user/ros2_ws/install/mars_rover_systems/lib/python3.10/site-packages/mars_rover_systems-0.0.0-py3.10.egg-info' (and everything under it)
[1.348s] Copying ../../build/mars_rover_systems/mars_rover_systems.egg-info to /home/user/ros2_ws/install/mars_rover_systems/lib/python3.10/site-packages/mars_rover_systems-0.0.0-py3.10.egg-info
[1.349s] running install_scripts
[1.374s] Installing heartbeat_executable script to /home/user/ros2_ws/install/mars_rover_systems/lib/mars_rover_systems
[1.374s] Installing heartbeat_executable_2 = mars_rover_systems.heartbeat:main2temperaturemonitor_executable script to /home/user/ros2_ws/install/mars_rover_systems/lib/mars_rover_systems
[1.374s] Installing heartbeat_shutdown_executable script to /home/user/ros2_ws/install/mars_rover_systems/lib/mars_rover_systems
[1.375s] writing list of installed files to '/home/user/ros2_ws/build/mars_rover_systems/install.log'
[1.404s] Invoked command in '/home/user/ros2_ws/src/mars_rover_systems' returned '0': PYTHONPATH=/home/user/ros2_ws/build/mars_rover_systems/prefix_override:/home/user/ros2_ws/install/mars_rover_systems/lib/python3.10/site-packages:${PYTHONPATH} _=/usr/bin/env /usr/bin/python3 -W ignore:setup.py install is deprecated setup.py egg_info --egg-base ../../build/mars_rover_systems build --build-base /home/user/ros2_ws/build/mars_rover_systems/build install --record /home/user/ros2_ws/build/mars_rover_systems/install.log --single-version-externally-managed install_data
