[0.301s] DEBUG:colcon:Command line arguments: ['/usr/bin/colcon', 'build', '--packages-select', 'mars_rover_tasks']
[0.301s] DEBUG:colcon:Parsed command line arguments: Namespace(log_base=None, log_level=None, verb_name='build', build_base='build', install_base='install', merge_install=False, symlink_install=False, test_result_base=None, continue_on_error=False, executor='parallel', parallel_workers=8, event_handlers=None, ignore_user_meta=False, metas=['./colcon.meta'], base_paths=['.'], packages_ignore=None, packages_ignore_regex=None, paths=None, packages_up_to=None, packages_up_to_regex=None, packages_above=None, packages_above_and_dependencies=None, packages_above_depth=None, packages_select_by_dep=None, packages_skip_by_dep=None, packages_skip_up_to=None, packages_select_build_failed=False, packages_skip_build_finished=False, packages_select_test_failures=False, packages_skip_test_passed=False, packages_select=['mars_rover_tasks'], packages_skip=None, packages_select_regex=None, packages_skip_regex=None, packages_start=None, packages_end=None, lookup_in_workspace=False, cargo_args=None, clean_build=False, cmake_args=None, cmake_target=None, cmake_target_skip_unavailable=False, cmake_clean_cache=False, cmake_clean_first=False, cmake_force_configure=False, ament_cmake_args=None, catkin_cmake_args=None, catkin_skip_building_tests=False, mixin_files=None, mixin=None, verb_parser=<colcon_mixin.mixin.mixin_argument.MixinArgumentDecorator object at 0x7f2d9ca587f0>, verb_extension=<colcon_core.verb.build.BuildVerb object at 0x7f2d9ca2fd60>, main=<bound method BuildVerb.main of <colcon_core.verb.build.BuildVerb object at 0x7f2d9ca2fd60>>, mixin_verb=('build',))
[0.837s] Level 1:colcon.colcon_core.package_discovery:discover_packages(colcon_meta) check parameters
[0.837s] Level 1:colcon.colcon_core.package_discovery:discover_packages(recursive) check parameters
[0.837s] Level 1:colcon.colcon_core.package_discovery:discover_packages(ignore) check parameters
[0.837s] Level 1:colcon.colcon_core.package_discovery:discover_packages(path) check parameters
[0.838s] Level 1:colcon.colcon_core.package_discovery:discover_packages(colcon_meta) discover
[0.838s] Level 1:colcon.colcon_core.package_discovery:discover_packages(recursive) discover
[0.838s] INFO:colcon.colcon_core.package_discovery:Crawling recursively for packages in '/home/user/ros2_ws'
[0.838s] Level 1:colcon.colcon_core.package_identification:_identify(.) by extensions ['ignore', 'ignore_ament_install']
[0.838s] Level 1:colcon.colcon_core.package_identification:_identify(.) by extension 'ignore'
[0.838s] Level 1:colcon.colcon_core.package_identification:_identify(.) by extension 'ignore_ament_install'
[0.838s] Level 1:colcon.colcon_core.package_identification:_identify(.) by extensions ['colcon_pkg']
[0.838s] Level 1:colcon.colcon_core.package_identification:_identify(.) by extension 'colcon_pkg'
[0.838s] Level 1:colcon.colcon_core.package_identification:_identify(.) by extensions ['colcon_meta']
[0.838s] Level 1:colcon.colcon_core.package_identification:_identify(.) by extension 'colcon_meta'
[0.838s] Level 1:colcon.colcon_core.package_identification:_identify(.) by extensions ['ament_cargo']
[0.838s] Level 1:colcon.colcon_core.package_identification:_identify(.) by extension 'ament_cargo'
[0.838s] Level 1:colcon.colcon_core.package_identification:_identify(.) by extensions ['ros']
[0.838s] Level 1:colcon.colcon_core.package_identification:_identify(.) by extension 'ros'
[0.853s] Level 1:colcon.colcon_core.package_identification:_identify(.) by extensions ['cargo', 'cmake', 'python']
[0.853s] Level 1:colcon.colcon_core.package_identification:_identify(.) by extension 'cargo'
[0.853s] Level 1:colcon.colcon_core.package_identification:_identify(.) by extension 'cmake'
[0.854s] Level 1:colcon.colcon_core.package_identification:_identify(.) by extension 'python'
[0.854s] Level 1:colcon.colcon_core.package_identification:_identify(.) by extensions ['python_setup_py']
[0.854s] Level 1:colcon.colcon_core.package_identification:_identify(.) by extension 'python_setup_py'
[0.854s] Level 1:colcon.colcon_core.package_identification:_identify(build) by extensions ['ignore', 'ignore_ament_install']
[0.854s] Level 1:colcon.colcon_core.package_identification:_identify(build) by extension 'ignore'
[0.854s] Level 1:colcon.colcon_core.package_identification:_identify(build) ignored
[0.854s] Level 1:colcon.colcon_core.package_identification:_identify(install) by extensions ['ignore', 'ignore_ament_install']
[0.854s] Level 1:colcon.colcon_core.package_identification:_identify(install) by extension 'ignore'
[0.854s] Level 1:colcon.colcon_core.package_identification:_identify(install) ignored
[0.855s] Level 1:colcon.colcon_core.package_identification:_identify(log) by extensions ['ignore', 'ignore_ament_install']
[0.855s] Level 1:colcon.colcon_core.package_identification:_identify(log) by extension 'ignore'
[0.855s] Level 1:colcon.colcon_core.package_identification:_identify(log) ignored
[0.855s] Level 1:colcon.colcon_core.package_identification:_identify(src) by extensions ['ignore', 'ignore_ament_install']
[0.855s] Level 1:colcon.colcon_core.package_identification:_identify(src) by extension 'ignore'
[0.855s] Level 1:colcon.colcon_core.package_identification:_identify(src) by extension 'ignore_ament_install'
[0.855s] Level 1:colcon.colcon_core.package_identification:_identify(src) by extensions ['colcon_pkg']
[0.855s] Level 1:colcon.colcon_core.package_identification:_identify(src) by extension 'colcon_pkg'
[0.855s] Level 1:colcon.colcon_core.package_identification:_identify(src) by extensions ['colcon_meta']
[0.855s] Level 1:colcon.colcon_core.package_identification:_identify(src) by extension 'colcon_meta'
[0.855s] Level 1:colcon.colcon_core.package_identification:_identify(src) by extensions ['ament_cargo']
[0.855s] Level 1:colcon.colcon_core.package_identification:_identify(src) by extension 'ament_cargo'
[0.855s] Level 1:colcon.colcon_core.package_identification:_identify(src) by extensions ['ros']
[0.855s] Level 1:colcon.colcon_core.package_identification:_identify(src) by extension 'ros'
[0.855s] Level 1:colcon.colcon_core.package_identification:_identify(src) by extensions ['cargo', 'cmake', 'python']
[0.855s] Level 1:colcon.colcon_core.package_identification:_identify(src) by extension 'cargo'
[0.855s] Level 1:colcon.colcon_core.package_identification:_identify(src) by extension 'cmake'
[0.856s] Level 1:colcon.colcon_core.package_identification:_identify(src) by extension 'python'
[0.856s] Level 1:colcon.colcon_core.package_identification:_identify(src) by extensions ['python_setup_py']
[0.856s] Level 1:colcon.colcon_core.package_identification:_identify(src) by extension 'python_setup_py'
[0.856s] Level 1:colcon.colcon_core.package_identification:_identify(src/mars_rover_systems) by extensions ['ignore', 'ignore_ament_install']
[0.856s] Level 1:colcon.colcon_core.package_identification:_identify(src/mars_rover_systems) by extension 'ignore'
[0.856s] Level 1:colcon.colcon_core.package_identification:_identify(src/mars_rover_systems) by extension 'ignore_ament_install'
[0.856s] Level 1:colcon.colcon_core.package_identification:_identify(src/mars_rover_systems) by extensions ['colcon_pkg']
[0.856s] Level 1:colcon.colcon_core.package_identification:_identify(src/mars_rover_systems) by extension 'colcon_pkg'
[0.856s] Level 1:colcon.colcon_core.package_identification:_identify(src/mars_rover_systems) by extensions ['colcon_meta']
[0.856s] Level 1:colcon.colcon_core.package_identification:_identify(src/mars_rover_systems) by extension 'colcon_meta'
[0.856s] Level 1:colcon.colcon_core.package_identification:_identify(src/mars_rover_systems) by extensions ['ament_cargo']
[0.856s] Level 1:colcon.colcon_core.package_identification:_identify(src/mars_rover_systems) by extension 'ament_cargo'
[0.856s] Level 1:colcon.colcon_core.package_identification:_identify(src/mars_rover_systems) by extensions ['ros']
[0.856s] Level 1:colcon.colcon_core.package_identification:_identify(src/mars_rover_systems) by extension 'ros'
[0.860s] DEBUG:colcon.colcon_core.package_identification:Package 'src/mars_rover_systems' with type 'ros.ament_python' and name 'mars_rover_systems'
[0.860s] Level 1:colcon.colcon_core.package_identification:_identify(src/mars_rover_tasks) by extensions ['ignore', 'ignore_ament_install']
[0.860s] Level 1:colcon.colcon_core.package_identification:_identify(src/mars_rover_tasks) by extension 'ignore'
[0.860s] Level 1:colcon.colcon_core.package_identification:_identify(src/mars_rover_tasks) by extension 'ignore_ament_install'
[0.861s] Level 1:colcon.colcon_core.package_identification:_identify(src/mars_rover_tasks) by extensions ['colcon_pkg']
[0.861s] Level 1:colcon.colcon_core.package_identification:_identify(src/mars_rover_tasks) by extension 'colcon_pkg'
[0.861s] Level 1:colcon.colcon_core.package_identification:_identify(src/mars_rover_tasks) by extensions ['colcon_meta']
[0.861s] Level 1:colcon.colcon_core.package_identification:_identify(src/mars_rover_tasks) by extension 'colcon_meta'
[0.861s] Level 1:colcon.colcon_core.package_identification:_identify(src/mars_rover_tasks) by extensions ['ament_cargo']
[0.861s] Level 1:colcon.colcon_core.package_identification:_identify(src/mars_rover_tasks) by extension 'ament_cargo'
[0.861s] Level 1:colcon.colcon_core.package_identification:_identify(src/mars_rover_tasks) by extensions ['ros']
[0.861s] Level 1:colcon.colcon_core.package_identification:_identify(src/mars_rover_tasks) by extension 'ros'
[0.862s] DEBUG:colcon.colcon_core.package_identification:Package 'src/mars_rover_tasks' with type 'ros.ament_python' and name 'mars_rover_tasks'
[0.862s] Level 1:colcon.colcon_core.package_discovery:discover_packages(recursive) using defaults
[0.862s] Level 1:colcon.colcon_core.package_discovery:discover_packages(ignore) discover
[0.862s] Level 1:colcon.colcon_core.package_discovery:discover_packages(ignore) using defaults
[0.862s] Level 1:colcon.colcon_core.package_discovery:discover_packages(path) discover
[0.862s] Level 1:colcon.colcon_core.package_discovery:discover_packages(path) using defaults
[0.920s] INFO:colcon.colcon_core.package_selection:Skipping not selected package 'mars_rover_systems' in 'src/mars_rover_systems'
[0.921s] Level 5:colcon.colcon_core.verb:set package 'mars_rover_tasks' build argument 'lookup_in_workspace' from command line to 'False'
[0.921s] Level 5:colcon.colcon_core.verb:set package 'mars_rover_tasks' build argument 'cargo_args' from command line to 'None'
[0.921s] Level 5:colcon.colcon_core.verb:set package 'mars_rover_tasks' build argument 'clean_build' from command line to 'False'
[0.921s] Level 5:colcon.colcon_core.verb:set package 'mars_rover_tasks' build argument 'cmake_args' from command line to 'None'
[0.921s] Level 5:colcon.colcon_core.verb:set package 'mars_rover_tasks' build argument 'cmake_target' from command line to 'None'
[0.921s] Level 5:colcon.colcon_core.verb:set package 'mars_rover_tasks' build argument 'cmake_target_skip_unavailable' from command line to 'False'
[0.921s] Level 5:colcon.colcon_core.verb:set package 'mars_rover_tasks' build argument 'cmake_clean_cache' from command line to 'False'
[0.921s] Level 5:colcon.colcon_core.verb:set package 'mars_rover_tasks' build argument 'cmake_clean_first' from command line to 'False'
[0.921s] Level 5:colcon.colcon_core.verb:set package 'mars_rover_tasks' build argument 'cmake_force_configure' from command line to 'False'
[0.921s] Level 5:colcon.colcon_core.verb:set package 'mars_rover_tasks' build argument 'ament_cmake_args' from command line to 'None'
[0.921s] Level 5:colcon.colcon_core.verb:set package 'mars_rover_tasks' build argument 'catkin_cmake_args' from command line to 'None'
[0.921s] Level 5:colcon.colcon_core.verb:set package 'mars_rover_tasks' build argument 'catkin_skip_building_tests' from command line to 'False'
[0.922s] DEBUG:colcon.colcon_core.verb:Building package 'mars_rover_tasks' with the following arguments: {'ament_cmake_args': None, 'build_base': '/home/user/ros2_ws/build/mars_rover_tasks', 'cargo_args': None, 'catkin_cmake_args': None, 'catkin_skip_building_tests': False, 'clean_build': False, 'cmake_args': None, 'cmake_clean_cache': False, 'cmake_clean_first': False, 'cmake_force_configure': False, 'cmake_target': None, 'cmake_target_skip_unavailable': False, 'install_base': '/home/user/ros2_ws/install/mars_rover_tasks', 'lookup_in_workspace': False, 'merge_install': False, 'path': '/home/user/ros2_ws/src/mars_rover_tasks', 'symlink_install': False, 'test_result_base': None}
[0.922s] INFO:colcon.colcon_core.executor:Executing jobs using 'parallel' executor
[0.923s] DEBUG:colcon.colcon_parallel_executor.executor.parallel:run_until_complete
[0.923s] INFO:colcon.colcon_ros.task.ament_python.build:Building ROS package in '/home/user/ros2_ws/src/mars_rover_tasks' with build type 'ament_python'
[0.923s] Level 1:colcon.colcon_core.shell:create_environment_hook('mars_rover_tasks', 'ament_prefix_path')
[0.939s] INFO:colcon.colcon_core.plugin_system:Skipping extension 'colcon_core.shell.bat': Not used on non-Windows systems
[0.939s] INFO:colcon.colcon_core.shell:Creating environment hook '/home/user/ros2_ws/install/mars_rover_tasks/share/mars_rover_tasks/hook/ament_prefix_path.ps1'
[0.941s] INFO:colcon.colcon_core.shell:Creating environment descriptor '/home/user/ros2_ws/install/mars_rover_tasks/share/mars_rover_tasks/hook/ament_prefix_path.dsv'
[0.942s] INFO:colcon.colcon_core.shell:Creating environment hook '/home/user/ros2_ws/install/mars_rover_tasks/share/mars_rover_tasks/hook/ament_prefix_path.sh'
[0.944s] INFO:colcon.colcon_core.shell:Skip shell extension 'powershell' for command environment: Not usable outside of PowerShell
[0.944s] DEBUG:colcon.colcon_core.shell:Skip shell extension 'dsv' for command environment
[1.326s] INFO:colcon.colcon_core.task.python.build:Building Python package in '/home/user/ros2_ws/src/mars_rover_tasks'
[1.326s] INFO:colcon.colcon_core.shell:Skip shell extension 'powershell' for command environment: Not usable outside of PowerShell
[1.326s] DEBUG:colcon.colcon_core.shell:Skip shell extension 'dsv' for command environment
[2.981s] DEBUG:colcon.colcon_core.event_handler.log_command:Invoking command in '/home/user/ros2_ws/src/mars_rover_tasks': PYTHONPATH=/home/user/ros2_ws/build/mars_rover_tasks/prefix_override:/home/user/ros2_ws/install/mars_rover_tasks/lib/python3.10/site-packages:${PYTHONPATH} _=/usr/bin/env /usr/bin/python3 -W ignore:setup.py install is deprecated setup.py egg_info --egg-base ../../build/mars_rover_tasks build --build-base /home/user/ros2_ws/build/mars_rover_tasks/build install --record /home/user/ros2_ws/build/mars_rover_tasks/install.log --single-version-externally-managed install_data
[3.387s] DEBUG:colcon.colcon_core.event_handler.log_command:Invoked command in '/home/user/ros2_ws/src/mars_rover_tasks' returned '0': PYTHONPATH=/home/user/ros2_ws/build/mars_rover_tasks/prefix_override:/home/user/ros2_ws/install/mars_rover_tasks/lib/python3.10/site-packages:${PYTHONPATH} _=/usr/bin/env /usr/bin/python3 -W ignore:setup.py install is deprecated setup.py egg_info --egg-base ../../build/mars_rover_tasks build --build-base /home/user/ros2_ws/build/mars_rover_tasks/build install --record /home/user/ros2_ws/build/mars_rover_tasks/install.log --single-version-externally-managed install_data
[3.399s] Level 1:colcon.colcon_core.environment:checking '/home/user/ros2_ws/install/mars_rover_tasks' for CMake module files
[3.399s] Level 1:colcon.colcon_core.environment:checking '/home/user/ros2_ws/install/mars_rover_tasks' for CMake config files
[3.400s] Level 1:colcon.colcon_core.environment:checking '/home/user/ros2_ws/install/mars_rover_tasks/lib'
[3.400s] Level 1:colcon.colcon_core.environment:checking '/home/user/ros2_ws/install/mars_rover_tasks/bin'
[3.401s] Level 1:colcon.colcon_core.environment:checking '/home/user/ros2_ws/install/mars_rover_tasks/lib/pkgconfig/mars_rover_tasks.pc'
[3.401s] Level 1:colcon.colcon_core.environment:checking '/home/user/ros2_ws/install/mars_rover_tasks/lib/python3.10/site-packages'
[3.401s] Level 1:colcon.colcon_core.shell:create_environment_hook('mars_rover_tasks', 'pythonpath')
[3.401s] INFO:colcon.colcon_core.shell:Creating environment hook '/home/user/ros2_ws/install/mars_rover_tasks/share/mars_rover_tasks/hook/pythonpath.ps1'
[3.402s] INFO:colcon.colcon_core.shell:Creating environment descriptor '/home/user/ros2_ws/install/mars_rover_tasks/share/mars_rover_tasks/hook/pythonpath.dsv'
[3.402s] INFO:colcon.colcon_core.shell:Creating environment hook '/home/user/ros2_ws/install/mars_rover_tasks/share/mars_rover_tasks/hook/pythonpath.sh'
[3.403s] Level 1:colcon.colcon_core.environment:checking '/home/user/ros2_ws/install/mars_rover_tasks/bin'
[3.403s] Level 1:colcon.colcon_core.environment:create_environment_scripts_only(mars_rover_tasks)
[3.404s] INFO:colcon.colcon_core.shell:Creating package script '/home/user/ros2_ws/install/mars_rover_tasks/share/mars_rover_tasks/package.ps1'
[3.405s] INFO:colcon.colcon_core.shell:Creating package descriptor '/home/user/ros2_ws/install/mars_rover_tasks/share/mars_rover_tasks/package.dsv'
[3.407s] INFO:colcon.colcon_core.shell:Creating package script '/home/user/ros2_ws/install/mars_rover_tasks/share/mars_rover_tasks/package.sh'
[3.408s] INFO:colcon.colcon_core.shell:Creating package script '/home/user/ros2_ws/install/mars_rover_tasks/share/mars_rover_tasks/package.bash'
[3.410s] INFO:colcon.colcon_core.shell:Creating package script '/home/user/ros2_ws/install/mars_rover_tasks/share/mars_rover_tasks/package.zsh'
[3.412s] Level 1:colcon.colcon_core.environment:create_file_with_runtime_dependencies(/home/user/ros2_ws/install/mars_rover_tasks/share/colcon-core/packages/mars_rover_tasks)
[3.413s] DEBUG:colcon.colcon_parallel_executor.executor.parallel:closing loop
[3.413s] DEBUG:colcon.colcon_parallel_executor.executor.parallel:loop closed
[3.413s] DEBUG:colcon.colcon_parallel_executor.executor.parallel:run_until_complete finished with '0'
[3.413s] DEBUG:colcon.colcon_core.event_reactor:joining thread
[3.433s] INFO:colcon.colcon_core.plugin_system:Skipping extension 'colcon_notification.desktop_notification.notify_send': Could not find 'notify-send'
[3.433s] INFO:colcon.colcon_core.plugin_system:Skipping extension 'colcon_notification.desktop_notification.terminal_notifier': Not used on non-Darwin systems
[3.433s] INFO:colcon.colcon_core.plugin_system:Skipping extension 'colcon_notification.desktop_notification.win32': Not used on non-Windows systems
[3.433s] INFO:colcon.colcon_notification.desktop_notification:Sending desktop notification using 'notify2'
[3.437s] DEBUG:colcon.colcon_notification.desktop_notification.notify2:Failed to initialize notify2: org.freedesktop.DBus.Error.Spawn.ExecFailed: /usr/bin/dbus-launch terminated abnormally without any error message
[3.437s] DEBUG:colcon.colcon_core.event_reactor:joined thread
[3.438s] INFO:colcon.colcon_core.shell:Creating prefix script '/home/user/ros2_ws/install/local_setup.ps1'
[3.440s] INFO:colcon.colcon_core.shell:Creating prefix util module '/home/user/ros2_ws/install/_local_setup_util_ps1.py'
[3.442s] INFO:colcon.colcon_core.shell:Creating prefix chain script '/home/user/ros2_ws/install/setup.ps1'
[3.444s] INFO:colcon.colcon_core.shell:Creating prefix script '/home/user/ros2_ws/install/local_setup.sh'
[3.445s] INFO:colcon.colcon_core.shell:Creating prefix util module '/home/user/ros2_ws/install/_local_setup_util_sh.py'
[3.446s] INFO:colcon.colcon_core.shell:Creating prefix chain script '/home/user/ros2_ws/install/setup.sh'
[3.448s] INFO:colcon.colcon_core.shell:Creating prefix script '/home/user/ros2_ws/install/local_setup.bash'
[3.449s] INFO:colcon.colcon_core.shell:Creating prefix chain script '/home/user/ros2_ws/install/setup.bash'
[3.450s] INFO:colcon.colcon_core.shell:Creating prefix script '/home/user/ros2_ws/install/local_setup.zsh'
[3.452s] INFO:colcon.colcon_core.shell:Creating prefix chain script '/home/user/ros2_ws/install/setup.zsh'
